Using pre-set license
Built from '2020.3/staging' branch; Version is '2020.3.18f1 (a7d1c678663c) revision 10998214'; Using compiler version '192528614'; Build Type 'Release'
OS: 'Windows 10 Pro; OS build 22000.493; Version 2009; 64bit' Language: 'pl' Physical Memory: 16293 MB
BatchMode: 1, IsHumanControllingUs: 0, StartBugReporterOnCrash: 0, Is64bit: 1, IsPro: 0

COMMAND LINE ARGUMENTS:
C:\Program Files\Unity\Hub\Editor\2020.3.18f1\Editor\Unity.exe
-adb2
-batchMode
-noUpm
-name
AssetImportWorker0
-projectPath
C:/Users/Admin/Desktop/Koszykówka1
-logFile
Logs/AssetImportWorker0.log
-srvPort
55064
Successfully changed project path to: C:/Users/Admin/Desktop/Koszykówka1
C:/Users/Admin/Desktop/Koszykówka1
Using Asset Import Pipeline V2.
Refreshing native plugins compatible for Editor in 22.40 ms, found 2 plugins.
Preloading 0 native plugins for Editor in 0.00 ms.
Initialize engine version: 2020.3.18f1 (a7d1c678663c)
[Subsystems] Discovering subsystems at path C:/Program Files/Unity/Hub/Editor/2020.3.18f1/Editor/Data/Resources/UnitySubsystems
[Subsystems] Discovering subsystems at path C:/Users/Admin/Desktop/Koszykówka1/Assets
GfxDevice: creating device client; threaded=0
Direct3D:
    Version:  Direct3D 11.0 [level 11.1]
    Renderer: NVIDIA GeForce GTX 1650 SUPER (ID=0x2187)
    Vendor:   
    VRAM:     3955 MB
    Driver:   30.0.15.1123
Initialize mono
Mono path[0] = 'C:/Program Files/Unity/Hub/Editor/2020.3.18f1/Editor/Data/Managed'
Mono path[1] = 'C:/Program Files/Unity/Hub/Editor/2020.3.18f1/Editor/Data/MonoBleedingEdge/lib/mono/unityjit'
Mono config path = 'C:/Program Files/Unity/Hub/Editor/2020.3.18f1/Editor/Data/MonoBleedingEdge/etc'
Using monoOptions --debugger-agent=transport=dt_socket,embedding=1,server=y,suspend=n,address=127.0.0.1:56280
Begin MonoManager ReloadAssembly
Registering precompiled unity dll's ...
Register platform support module: C:/Program Files/Unity/Hub/Editor/2020.3.18f1/Editor/Data/PlaybackEngines/WindowsStandaloneSupport/UnityEditor.WindowsStandalone.Extensions.dll
Registered in 0.001361 seconds.
Native extension for WindowsStandalone target not found
Refreshing native plugins compatible for Editor in 23.09 ms, found 2 plugins.
Preloading 0 native plugins for Editor in 0.00 ms.
Mono: successfully reloaded assembly
- Completed reload, in  1.574 seconds
Domain Reload Profiling:
	ReloadAssembly (1574ms)
		BeginReloadAssembly (46ms)
			ExecutionOrderSort (0ms)
			DisableScriptedObjects (0ms)
			BackupInstance (0ms)
			ReleaseScriptingObjects (0ms)
			CreateAndSetChildDomain (1ms)
		EndReloadAssembly (341ms)
			LoadAssemblies (44ms)
			RebuildTransferFunctionScriptingTraits (0ms)
			SetupTypeCache (126ms)
			ReleaseScriptCaches (0ms)
			RebuildScriptCaches (25ms)
			SetupLoadedEditorAssemblies (134ms)
				LogAssemblyErrors (0ms)
				InitializePlatformSupportModulesInManaged (3ms)
				SetLoadedEditorAssemblies (0ms)
				RefreshPlugins (23ms)
				BeforeProcessingInitializeOnLoad (13ms)
				ProcessInitializeOnLoadAttributes (69ms)
				ProcessInitializeOnLoadMethodAttributes (24ms)
				AfterProcessingInitializeOnLoad (0ms)
				EditorAssembliesLoaded (0ms)
			ExecutionOrderSort2 (0ms)
			AwakeInstancesAfterBackupRestoration (0ms)
Platform modules already initialized, skipping
Registering precompiled user dll's ...
Registered in 0.002237 seconds.
Begin MonoManager ReloadAssembly
Native extension for WindowsStandalone target not found
Refreshing native plugins compatible for Editor in 0.25 ms, found 2 plugins.
Preloading 0 native plugins for Editor in 0.00 ms.
Mono: successfully reloaded assembly
- Completed reload, in  0.804 seconds
Domain Reload Profiling:
	ReloadAssembly (805ms)
		BeginReloadAssembly (115ms)
			ExecutionOrderSort (0ms)
			DisableScriptedObjects (4ms)
			BackupInstance (0ms)
			ReleaseScriptingObjects (0ms)
			CreateAndSetChildDomain (15ms)
		EndReloadAssembly (642ms)
			LoadAssemblies (67ms)
			RebuildTransferFunctionScriptingTraits (0ms)
			SetupTypeCache (230ms)
			ReleaseScriptCaches (0ms)
			RebuildScriptCaches (33ms)
			SetupLoadedEditorAssemblies (232ms)
				LogAssemblyErrors (0ms)
				InitializePlatformSupportModulesInManaged (4ms)
				SetLoadedEditorAssemblies (0ms)
				RefreshPlugins (0ms)
				BeforeProcessingInitializeOnLoad (58ms)
				ProcessInitializeOnLoadAttributes (161ms)
				ProcessInitializeOnLoadMethodAttributes (4ms)
				AfterProcessingInitializeOnLoad (4ms)
				EditorAssembliesLoaded (0ms)
			ExecutionOrderSort2 (0ms)
			AwakeInstancesAfterBackupRestoration (6ms)
Platform modules already initialized, skipping
========================================================================
Worker process is ready to serve import requests
Launched and connected shader compiler UnityShaderCompiler.exe after 0.07 seconds
Refreshing native plugins compatible for Editor in 0.49 ms, found 2 plugins.
Preloading 0 native plugins for Editor in 0.00 ms.
Unloading 1396 Unused Serialized files (Serialized files now loaded: 0)
System memory in use before: 64.8 MB.
System memory in use after: 64.9 MB.

Unloading 16 unused Assets to reduce memory usage. Loaded Objects now: 1831.
Total: 2.540500 ms (FindLiveObjects: 0.158200 ms CreateObjectMapping: 0.051500 ms MarkObjects: 2.267700 ms  DeleteObjects: 0.062100 ms)

AssetImportParameters requested are different than current active one (requested -> active):
  custom:framework-win-MediaFoundation: 216162199b28c13a410421893ffa2e32 -> 
  custom:video-decoder-ogg-theora: a1e56fd34408186e4bbccfd4996cb3dc -> 
  custom:container-muxer-webm: aa71ff27fc2769a1b78a27578f13a17b -> 
  custom:container-demuxer-webm: 4f35f7cbe854078d1ac9338744f61a02 -> 
  custom:container-demuxer-ogg: 62fdf1f143b41e24485cea50d1cbac27 -> 
  custom:video-encoder-webm-vp8: eb34c28f22e8b96e1ab97ce403110664 -> 
  custom:video-decoder-webm-vp8: 9c59270c3fd7afecdb556c50c9e8de78 -> 
  custom:audio-decoder-ogg-vorbis: bf7c407c2cedff20999df2af8eb42d56 -> 
  custom:audio-encoder-webm-vorbis: bf7c407c2cedff20999df2af8eb42d56 -> 
========================================================================
Received Import Request.
  path: Assets/New Material.mat
  artifactKey: Guid(8df686d85dd10704ea87addbe6dd11a1) Importer(815301076,1909f56bfc062723c751e8b465ee728b)
Start importing Assets/New Material.mat using Guid(8df686d85dd10704ea87addbe6dd11a1) Importer(815301076,1909f56bfc062723c751e8b465ee728b)  -> (artifact id: 'de88667d4f4e359b65fb0c5783813577') in 0.082507 seconds 
  Import took 0.084458 seconds .

========================================================================
Received Import Request.
  Time since last request: 40.526265 seconds.
  path: Assets
  artifactKey: Guid(00000000000000001000000000000000) Importer(815301076,1909f56bfc062723c751e8b465ee728b)
Start importing Assets using Guid(00000000000000001000000000000000) Importer(815301076,1909f56bfc062723c751e8b465ee728b)  -> (artifact id: '42d402b061de3733987d63b9cc3b64de') in 0.001596 seconds 
  Import took 0.003611 seconds .

========================================================================
Received Import Request.
  Time since last request: 0.000737 seconds.
  path: Assets
  artifactKey: Guid(00000000000000001000000000000000) Importer(815301076,1909f56bfc062723c751e8b465ee728b)
Start importing Assets using Guid(00000000000000001000000000000000) Importer(815301076,1909f56bfc062723c751e8b465ee728b)  -> (artifact id: '42d402b061de3733987d63b9cc3b64de') in 0.001285 seconds 
  Import took 0.003012 seconds .

========================================================================
Received Import Request.
  Time since last request: 16.496860 seconds.
  path: Assets/Asfalt.mat
  artifactKey: Guid(8df686d85dd10704ea87addbe6dd11a1) Importer(815301076,1909f56bfc062723c751e8b465ee728b)
Start importing Assets/Asfalt.mat using Guid(8df686d85dd10704ea87addbe6dd11a1) Importer(815301076,1909f56bfc062723c751e8b465ee728b)  -> (artifact id: '1b845488f2b4ca98ed4dd353e82f8146') in 0.016291 seconds 
  Import took 0.018194 seconds .

========================================================================
Received Import Request.
  Time since last request: 7.776697 seconds.
  path: Assets/Parkiet.mat
  artifactKey: Guid(8df686d85dd10704ea87addbe6dd11a1) Importer(815301076,1909f56bfc062723c751e8b465ee728b)
Start importing Assets/Parkiet.mat using Guid(8df686d85dd10704ea87addbe6dd11a1) Importer(815301076,1909f56bfc062723c751e8b465ee728b)  -> (artifact id: '038f778fe8ba4f27496eb6f2b5a68fd0') in 0.006043 seconds 
  Import took 0.008266 seconds .

========================================================================
Received Import Request.
  Time since last request: 59.179389 seconds.
  path: Assets/Ziemia.mat
  artifactKey: Guid(fd0a4c49fea9ed2459fb2497a441fcd0) Importer(815301076,1909f56bfc062723c751e8b465ee728b)
Start importing Assets/Ziemia.mat using Guid(fd0a4c49fea9ed2459fb2497a441fcd0) Importer(815301076,1909f56bfc062723c751e8b465ee728b)  -> (artifact id: '04ad8a8c8aa36db3c800ad6994b16793') in 0.005634 seconds 
  Import took 0.008041 seconds .

========================================================================
Received Import Request.
  Time since last request: 594.057553 seconds.
  path: Assets/Kosz.mat
  artifactKey: Guid(84d13ab276f559b408b1f147e48aeefe) Importer(815301076,1909f56bfc062723c751e8b465ee728b)
Start importing Assets/Kosz.mat using Guid(84d13ab276f559b408b1f147e48aeefe) Importer(815301076,1909f56bfc062723c751e8b465ee728b)  -> (artifact id: 'fb747ea020f945fe81c0b921b13b43a7') in 0.007557 seconds 
  Import took 0.010170 seconds .

========================================================================
Received Import Request.
  Time since last request: 569.592325 seconds.
  path: Assets/New Material.mat
  artifactKey: Guid(2655ce6c9837282479771101e5b1f0de) Importer(815301076,1909f56bfc062723c751e8b465ee728b)
Start importing Assets/New Material.mat using Guid(2655ce6c9837282479771101e5b1f0de) Importer(815301076,1909f56bfc062723c751e8b465ee728b)  -> (artifact id: 'f9ae2c2c0c57b86d8fcf3d31ffabe7ef') in 0.010316 seconds 
  Import took 0.013645 seconds .

========================================================================
Received Import Request.
  Time since last request: 6.422503 seconds.
  path: Assets/Obręcz.mat
  artifactKey: Guid(2655ce6c9837282479771101e5b1f0de) Importer(815301076,1909f56bfc062723c751e8b465ee728b)
Start importing Assets/Obręcz.mat using Guid(2655ce6c9837282479771101e5b1f0de) Importer(815301076,1909f56bfc062723c751e8b465ee728b)  -> (artifact id: 'af8476ff1bdc107b52680373f79c81ce') in 0.009508 seconds 
  Import took 0.013680 seconds .

========================================================================
Received Import Request.
  Time since last request: 251.435859 seconds.
  path: Assets/Obręcz.mat
  artifactKey: Guid(2655ce6c9837282479771101e5b1f0de) Importer(815301076,1909f56bfc062723c751e8b465ee728b)
Start importing Assets/Obręcz.mat using Guid(2655ce6c9837282479771101e5b1f0de) Importer(815301076,1909f56bfc062723c751e8b465ee728b)  -> (artifact id: '27e326ff075b5acda0c024b77ff32962') in 0.009524 seconds 
  Import took 0.012790 seconds .

========================================================================
Received Import Request.
  Time since last request: 0.000296 seconds.
  path: Assets/Parkiet.mat
  artifactKey: Guid(8df686d85dd10704ea87addbe6dd11a1) Importer(815301076,1909f56bfc062723c751e8b465ee728b)
Start importing Assets/Parkiet.mat using Guid(8df686d85dd10704ea87addbe6dd11a1) Importer(815301076,1909f56bfc062723c751e8b465ee728b)  -> (artifact id: 'cbc5d6eb6802890ce7a2a91b7adb117b') in 0.009780 seconds 
  Import took 0.012382 seconds .

========================================================================
Received Import Request.
  Time since last request: 0.000228 seconds.
  path: Assets/Ziemia.mat
  artifactKey: Guid(fd0a4c49fea9ed2459fb2497a441fcd0) Importer(815301076,1909f56bfc062723c751e8b465ee728b)
Start importing Assets/Ziemia.mat using Guid(fd0a4c49fea9ed2459fb2497a441fcd0) Importer(815301076,1909f56bfc062723c751e8b465ee728b)  -> (artifact id: '828d4478f78aebaad9ac72668953dde6') in 0.008299 seconds 
  Import took 0.011627 seconds .

AssetImportWorkerClient::OnTransportError - code=2 error=End of file
